2025-06-27 11:25:41,421 - INFO - ====== WebDriver manager ======
2025-06-27 11:25:42,287 - INFO - Get LATEST chromedriver version for google-chrome
2025-06-27 11:25:42,732 - INFO - Get LATEST chromedriver version for google-chrome
2025-06-27 11:25:43,137 - INFO - Driver [C:\Users\Thinh\.wdm\drivers\chromedriver\win64\137.0.7151.119\chromedriver-win32/chromedriver.exe] found in cache
2025-06-27 11:25:50,768 - INFO - Kiểm tra item: offline_recommend/114549576456305198/Cứu người
2025-06-27 11:25:50,768 - INFO - Topic 'Cứu người' đã được xử lý trước đó. Bỏ qua...
2025-06-27 11:25:50,782 - INFO - Kiểm tra item: offline_recommend/114108367534017831/Ẩm thực Lào
2025-06-27 11:25:50,782 - INFO - Topic 'Ẩm thực Lào' đã được xử lý trước đó. Bỏ qua...
2025-06-27 11:25:50,795 - INFO - Kiểm tra item: offline_recommend/114323131239664183/Thành tựu
2025-06-27 11:25:50,795 - INFO - Topic 'Thành tựu' đã được xử lý trước đó. Bỏ qua...
2025-06-27 11:25:50,808 - INFO - Kiểm tra item: offline_recommend/114095597943333623/Short Video
2025-06-27 11:25:50,808 - INFO - Topic 'Short Video' đã được xử lý trước đó. Bỏ qua...
2025-06-27 11:25:50,822 - INFO - Kiểm tra item: offline_recommend/114280850141160881/Hướng dẫn tạo kiểu
2025-06-27 11:25:50,822 - INFO - Topic 'Hướng dẫn tạo kiểu' đã được xử lý trước đó. Bỏ qua...
2025-06-27 11:25:50,837 - INFO - Kiểm tra item: offline_recommend/114549572019995383/Cats
2025-06-27 11:25:50,837 - INFO - Topic 'Cats' đã được xử lý trước đó. Bỏ qua...
2025-06-27 11:25:50,849 - INFO - Kiểm tra item: offline_recommend/113939797753467352/Cấp sổ đỏ sai quy định
2025-06-27 11:25:50,850 - INFO - Topic 'Cấp sổ đỏ sai quy định' đã được xử lý trước đó. Bỏ qua...
2025-06-27 11:25:50,866 - INFO - Kiểm tra item: offline_recommend/114307564581580630/Sự kiện âm nhạc
2025-06-27 11:25:50,866 - INFO - Topic 'Sự kiện âm nhạc' đã được xử lý trước đó. Bỏ qua...
2025-06-27 11:25:50,883 - INFO - Kiểm tra item: offline_recommend/114549561475031623/Tài chính - Ngân hàng
2025-06-27 11:25:50,883 - INFO - Topic 'Tài chính - Ngân hàng' đã được xử lý trước đó. Bỏ qua...
2025-06-27 11:25:50,902 - INFO - Kiểm tra item: offline_recommend/114046458514730266/Consumer Alert
2025-06-27 11:25:50,902 - INFO - Topic 'Consumer Alert' đã được xử lý trước đó. Bỏ qua...
2025-06-27 11:25:50,919 - INFO - Kiểm tra item: offline_recommend/114238016482631116/Giả thuyết khoa học
2025-06-27 11:25:50,919 - INFO - Topic 'Giả thuyết khoa học' đã được xử lý trước đó. Bỏ qua...
2025-06-27 11:25:50,935 - INFO - Kiểm tra item: offline_recommend/114549558245256232/Quảng cáo sản phẩm
2025-06-27 11:25:50,935 - INFO - Topic 'Quảng cáo sản phẩm' đã được xử lý trước đó. Bỏ qua...
2025-06-27 11:25:50,956 - INFO - Kiểm tra item: offline_recommend/114550242119762009/Hè mưa lũ
2025-06-27 11:25:50,956 - INFO - Topic 'Hè mưa lũ' đã được xử lý trước đó. Bỏ qua...
2025-06-27 11:25:50,973 - INFO - Kiểm tra item: offline_recommend/114238019310009765/Ôm nhau
2025-06-27 11:25:50,973 - INFO - Topic 'Ôm nhau' đã được xử lý trước đó. Bỏ qua...
2025-06-27 11:25:50,989 - INFO - Kiểm tra item: offline_recommend/114135735525941312/Drone
2025-06-27 11:25:50,989 - INFO - Topic 'Drone' đã được xử lý trước đó. Bỏ qua...
2025-06-27 11:25:51,005 - INFO - Kiểm tra item: offline_recommend/114220658356622361/Physical Education
2025-06-27 11:25:51,005 - INFO - Topic 'Physical Education' đã được xử lý trước đó. Bỏ qua...
2025-06-27 11:25:51,020 - INFO - Kiểm tra item: offline_recommend/114238021840842907/Văn hóa & truyền thống
2025-06-27 11:25:51,020 - INFO - Topic 'Văn hóa & truyền thống' đã được xử lý trước đó. Bỏ qua...
2025-06-27 11:25:51,036 - INFO - Kiểm tra item: offline_recommend/114453946183516372/Byeon Wooseok
2025-06-27 11:25:51,036 - INFO - Topic 'Byeon Wooseok' đã được xử lý trước đó. Bỏ qua...
2025-06-27 11:25:51,051 - INFO - Kiểm tra item: offline_recommend/114549541487256668/Sản phẩm vali
2025-06-27 11:25:51,051 - INFO - Topic 'Sản phẩm vali' đã được xử lý trước đó. Bỏ qua...
2025-06-27 11:25:51,067 - INFO - Kiểm tra item: offline_recommend/114238029946494708/Trang phục
2025-06-27 11:25:51,067 - INFO - Topic 'Trang phục' đã được xử lý trước đó. Bỏ qua...
2025-06-27 11:25:51,084 - INFO - Kiểm tra item: offline_recommend/114134685821754898/Gym
2025-06-27 11:25:51,084 - INFO - Topic 'Gym' đã được xử lý trước đó. Bỏ qua...
2025-06-27 11:25:51,102 - INFO - Kiểm tra item: offline_recommend/114307564581580630/Ảnh đẹp
2025-06-27 11:25:51,102 - INFO - Topic 'Ảnh đẹp' không có trong topic.json. Thực hiện xóa...
2025-06-27 11:25:56,787 - INFO - Xử lý topic: Ảnh đẹp trong tab mới
2025-06-27 11:25:56,960 - INFO - Đã nhập từ khóa: collaborative_recommend/*/Ảnh đẹp
2025-06-27 11:25:57,011 - INFO - Đã nhấn Enter cho từ khóa: collaborative_recommend/*/Ảnh đẹp
2025-06-27 11:25:57,158 - INFO - Đã click nút Bulk Actions cho topic: Ảnh đẹp
2025-06-27 11:25:57,198 - INFO - Số lượng key tìm được: Expected amount: N/A
2025-06-27 11:25:57,198 - INFO - Không có key để xóa cho topic Ảnh đẹp. Reload trang...
2025-06-27 11:25:57,288 - INFO - Đã đóng tab mới và quay lại tab ban đầu
2025-06-27 11:25:57,292 - INFO - Đã lưu topic 'Ảnh đẹp' vào processed_topics.json
2025-06-27 11:25:57,330 - INFO - Kiểm tra item: offline_recommend/114073698677266541/Thực phẩm  An toàn vệ sinh
2025-06-27 11:25:57,330 - INFO - Topic 'Thực phẩm  An toàn vệ sinh' không có trong topic.json. Thực hiện xóa...
2025-06-27 11:26:03,309 - INFO - Xử lý topic: Thực phẩm  An toàn vệ sinh trong tab mới
2025-06-27 11:26:03,489 - INFO - Đã nhập từ khóa: collaborative_recommend/*/Thực phẩm  An toàn vệ sinh
2025-06-27 11:26:03,542 - INFO - Đã nhấn Enter cho từ khóa: collaborative_recommend/*/Thực phẩm  An toàn vệ sinh
2025-06-27 11:26:03,708 - INFO - Đã click nút Bulk Actions cho topic: Thực phẩm  An toàn vệ sinh
2025-06-27 11:26:03,746 - INFO - Số lượng key tìm được: Expected amount: N/A
2025-06-27 11:26:03,746 - INFO - Không có key để xóa cho topic Thực phẩm  An toàn vệ sinh. Reload trang...
2025-06-27 11:26:03,828 - INFO - Đã đóng tab mới và quay lại tab ban đầu
2025-06-27 11:26:03,828 - INFO - Đã lưu topic 'Thực phẩm  An toàn vệ sinh' vào processed_topics.json
2025-06-27 11:26:03,850 - INFO - Kiểm tra item: offline_recommend/114238031374806522/5225
2025-06-27 11:26:03,850 - INFO - Topic '5225' không có trong topic.json. Thực hiện xóa...
2025-06-27 11:26:09,781 - INFO - Xử lý topic: 5225 trong tab mới
2025-06-27 11:26:09,897 - INFO - Đã nhập từ khóa: collaborative_recommend/*/5225
2025-06-27 11:26:09,951 - INFO - Đã nhấn Enter cho từ khóa: collaborative_recommend/*/5225
2025-06-27 11:26:10,065 - INFO - Đã click nút Bulk Actions cho topic: 5225
2025-06-27 11:26:10,096 - INFO - Số lượng key tìm được: Expected amount: N/A
2025-06-27 11:26:10,097 - INFO - Không có key để xóa cho topic 5225. Reload trang...
2025-06-27 11:26:10,683 - INFO - Đã đóng tab mới và quay lại tab ban đầu
2025-06-27 11:26:10,687 - INFO - Đã lưu topic '5225' vào processed_topics.json
2025-06-27 11:26:10,766 - INFO - Kiểm tra item: offline_recommend/113951055018823273/thời tiết
2025-06-27 11:26:10,767 - INFO - Topic 'thời tiết' không có trong topic.json. Thực hiện xóa...
2025-06-27 11:26:16,158 - INFO - Xử lý topic: thời tiết trong tab mới
2025-06-27 11:26:16,342 - INFO - Đã nhập từ khóa: collaborative_recommend/*/thời tiết
2025-06-27 11:26:16,388 - INFO - Đã nhấn Enter cho từ khóa: collaborative_recommend/*/thời tiết
2025-06-27 11:26:16,485 - INFO - Đã click nút Bulk Actions cho topic: thời tiết
2025-06-27 11:26:16,517 - INFO - Số lượng key tìm được: Expected amount: N/A
2025-06-27 11:26:16,517 - INFO - Không có key để xóa cho topic thời tiết. Reload trang...
2025-06-27 11:26:16,608 - INFO - Đã đóng tab mới và quay lại tab ban đầu
2025-06-27 11:26:16,609 - INFO - Đã lưu topic 'thời tiết' vào processed_topics.json
2025-06-27 11:26:16,647 - INFO - Kiểm tra item: offline_recommend/114549567231275287/Hình nền đẹp
2025-06-27 11:26:16,647 - INFO - Topic 'Hình nền đẹp' không có trong topic.json. Thực hiện xóa...
2025-06-27 11:26:22,627 - INFO - Xử lý topic: Hình nền đẹp trong tab mới
2025-06-27 11:26:22,752 - INFO - Đã nhập từ khóa: collaborative_recommend/*/Hình nền đẹp
2025-06-27 11:26:22,806 - INFO - Đã nhấn Enter cho từ khóa: collaborative_recommend/*/Hình nền đẹp
2025-06-27 11:26:22,917 - INFO - Đã click nút Bulk Actions cho topic: Hình nền đẹp
2025-06-27 11:26:22,952 - INFO - Số lượng key tìm được: Expected amount: N/A
2025-06-27 11:26:22,952 - INFO - Không có key để xóa cho topic Hình nền đẹp. Reload trang...
2025-06-27 11:26:23,215 - INFO - Đã đóng tab mới và quay lại tab ban đầu
2025-06-27 11:26:23,215 - INFO - Đã lưu topic 'Hình nền đẹp' vào processed_topics.json
2025-06-27 11:26:23,251 - INFO - Kiểm tra item: offline_recommend/114220663638504490/bắt trend TikTok
2025-06-27 11:26:23,251 - INFO - Topic 'bắt trend TikTok' không có trong topic.json. Thực hiện xóa...
2025-06-27 11:26:28,738 - INFO - Xử lý topic: bắt trend TikTok trong tab mới
2025-06-27 11:26:28,900 - INFO - Đã nhập từ khóa: collaborative_recommend/*/bắt trend TikTok
2025-06-27 11:26:28,943 - INFO - Đã nhấn Enter cho từ khóa: collaborative_recommend/*/bắt trend TikTok
2025-06-27 11:26:29,045 - INFO - Đã click nút Bulk Actions cho topic: bắt trend TikTok
2025-06-27 11:26:29,078 - INFO - Số lượng key tìm được: Expected amount: N/A
2025-06-27 11:26:29,078 - INFO - Không có key để xóa cho topic bắt trend TikTok. Reload trang...
2025-06-27 11:26:29,165 - INFO - Đã đóng tab mới và quay lại tab ban đầu
2025-06-27 11:26:29,167 - INFO - Đã lưu topic 'bắt trend TikTok' vào processed_topics.json
2025-06-27 11:26:39,384 - INFO - Đã cuộn một đoạn trong element LIST để tải thêm item
2025-06-27 11:26:41,398 - INFO - Kiểm tra item: offline_recommend/114549551628349669/Religion
2025-06-27 11:26:41,398 - INFO - Topic 'Religion' không có trong topic.json. Thực hiện xóa...
2025-06-27 11:26:47,300 - INFO - Xử lý topic: Religion trong tab mới
2025-06-27 11:26:47,448 - INFO - Đã nhập từ khóa: collaborative_recommend/*/Religion
2025-06-27 11:26:47,494 - INFO - Đã nhấn Enter cho từ khóa: collaborative_recommend/*/Religion
2025-06-27 11:26:47,605 - INFO - Đã click nút Bulk Actions cho topic: Religion
2025-06-27 11:26:47,641 - INFO - Số lượng key tìm được: Expected amount: N/A
2025-06-27 11:26:47,641 - INFO - Không có key để xóa cho topic Religion. Reload trang...
2025-06-27 11:26:48,221 - INFO - Đã đóng tab mới và quay lại tab ban đầu
2025-06-27 11:26:48,223 - INFO - Đã lưu topic 'Religion' vào processed_topics.json
2025-06-27 11:26:58,530 - INFO - Đã cuộn một đoạn trong element LIST để tải thêm item
2025-06-27 11:27:10,725 - INFO - Đã cuộn một đoạn trong element LIST để tải thêm item
2025-06-27 11:27:22,962 - INFO - Đã cuộn một đoạn trong element LIST để tải thêm item
2025-06-27 11:27:35,187 - INFO - Đã cuộn một đoạn trong element LIST để tải thêm item
2025-06-27 11:27:47,388 - INFO - Đã cuộn một đoạn trong element LIST để tải thêm item
2025-06-27 11:27:59,652 - INFO - Đã cuộn một đoạn trong element LIST để tải thêm item
2025-06-27 11:28:11,838 - INFO - Đã cuộn một đoạn trong element LIST để tải thêm item
2025-06-27 11:28:24,105 - INFO - Đã cuộn một đoạn trong element LIST để tải thêm item
2025-06-27 11:28:36,412 - INFO - Đã cuộn một đoạn trong element LIST để tải thêm item
2025-06-27 11:28:48,611 - INFO - Đã cuộn một đoạn trong element LIST để tải thêm item
2025-06-27 11:29:00,829 - INFO - Đã cuộn một đoạn trong element LIST để tải thêm item
2025-06-27 11:29:13,026 - INFO - Đã cuộn một đoạn trong element LIST để tải thêm item
2025-06-27 11:29:25,223 - INFO - Đã cuộn một đoạn trong element LIST để tải thêm item
2025-06-27 11:29:37,554 - INFO - Đã cuộn một đoạn trong element LIST để tải thêm item
2025-06-27 11:29:49,789 - INFO - Đã cuộn một đoạn trong element LIST để tải thêm item
2025-06-27 11:30:02,066 - INFO - Đã cuộn một đoạn trong element LIST để tải thêm item
2025-06-27 11:30:14,287 - INFO - Đã cuộn một đoạn trong element LIST để tải thêm item
2025-06-27 11:30:26,561 - INFO - Đã cuộn một đoạn trong element LIST để tải thêm item
2025-06-27 11:30:38,980 - INFO - Đã cuộn một đoạn trong element LIST để tải thêm item
